Added Component: Designator=A1(DBV005)
Added Component: Designator=C2(RAD-0.3)
Added Component: Designator=C5(RAD-0.3)
Added Component: Designator=C6(RAD-0.3)
Added Component: Designator=C7(RAD-0.3)
Added Component: Designator=C12(RAD-0.3)
Added Component: Designator=C13(RAD-0.3)
Added Component: Designator=C14(RAD-0.3)
Added Component: Designator=C17(RAD-0.3)
Added Component: Designator=C18(RAD-0.3)
Added Component: Designator=D1(BBB_Cape)
Added Component: Designator=D2(QUAD32-RHB)
Added Component: Designator=J2(AUDIO-CONNECTOR)
Added Component: Designator=R1(AXIAL-0.4)
Added Component: Designator=R2(AXIAL-0.4)
Added Component: Designator=R3(AXIAL-0.4)
Added Component: Designator=S1(SPST-2)
Added Component: Designator=S2(SPST-2)
Added Component: Designator=S3(SPST-2)
Added Pin To Net: NetName=1.8V Pin=A1-5
Added Pin To Net: NetName=1.8V Pin=C17-2
Added Pin To Net: NetName=1.8V Pin=D2-32
Added Net: Name=1.8V
Added Pin To Net: NetName=3.3V Pin=A1-1
Added Pin To Net: NetName=3.3V Pin=C2-2
Added Pin To Net: NetName=3.3V Pin=C5-2
Added Pin To Net: NetName=3.3V Pin=C6-2
Added Pin To Net: NetName=3.3V Pin=C7-2
Added Pin To Net: NetName=3.3V Pin=C12-2
Added Pin To Net: NetName=3.3V Pin=C13-2
Added Pin To Net: NetName=3.3V Pin=C14-2
Added Pin To Net: NetName=3.3V Pin=D1-3
Added Pin To Net: NetName=3.3V Pin=D2-7
Added Pin To Net: NetName=3.3V Pin=D2-18
Added Pin To Net: NetName=3.3V Pin=D2-24
Added Pin To Net: NetName=3.3V Pin=R1-2
Added Pin To Net: NetName=3.3V Pin=R2-2
Added Pin To Net: NetName=3.3V Pin=R3-2
Added Net: Name=3.3V
Added Pin To Net: NetName=AGND Pin=D2-17
Added Pin To Net: NetName=AGND Pin=D2-26
Added Pin To Net: NetName=AGND Pin=J2-1
Added Net: Name=AGND
Added Pin To Net: NetName=AUD_3V3 Pin=C18-2
Added Pin To Net: NetName=AUD_3V3 Pin=D2-25
Added Net: Name=AUD_3V3
Added Pin To Net: NetName=BCLK Pin=D1-31
Added Pin To Net: NetName=BCLK Pin=D2-2
Added Net: Name=BCLK
Added Pin To Net: NetName=D4 Pin=D1-64
Added Net: Name=D4
Added Pin To Net: NetName=D5 Pin=D1-62
Added Net: Name=D5
Added Pin To Net: NetName=D6 Pin=D1-60
Added Net: Name=D6
Added Pin To Net: NetName=D7 Pin=D1-58
Added Net: Name=D7
Added Pin To Net: NetName=DGND Pin=A1-2
Added Pin To Net: NetName=DGND Pin=A1-3
Added Pin To Net: NetName=DGND Pin=A1-4
Added Pin To Net: NetName=DGND Pin=C2-1
Added Pin To Net: NetName=DGND Pin=C5-1
Added Pin To Net: NetName=DGND Pin=C6-1
Added Pin To Net: NetName=DGND Pin=C7-1
Added Pin To Net: NetName=DGND Pin=C12-1
Added Pin To Net: NetName=DGND Pin=C13-1
Added Pin To Net: NetName=DGND Pin=C14-1
Added Pin To Net: NetName=DGND Pin=C17-1
Added Pin To Net: NetName=DGND Pin=C18-1
Added Pin To Net: NetName=DGND Pin=D1-1
Added Pin To Net: NetName=DGND Pin=D1-2
Added Pin To Net: NetName=DGND Pin=D1-43
Added Pin To Net: NetName=DGND Pin=D1-44
Added Pin To Net: NetName=DGND Pin=D1-45
Added Pin To Net: NetName=DGND Pin=D1-46
Added Pin To Net: NetName=DGND Pin=D1-47
Added Pin To Net: NetName=DGND Pin=D1-48
Added Pin To Net: NetName=DGND Pin=D2-6
Added Pin To Net: NetName=DGND Pin=D2-12
Added Pin To Net: NetName=DGND Pin=D2-13
Added Pin To Net: NetName=DGND Pin=D2-14
Added Pin To Net: NetName=DGND Pin=D2-16
Added Pin To Net: NetName=DGND Pin=D2-21
Added Pin To Net: NetName=DGND Pin=D2-33
Added Pin To Net: NetName=DGND Pin=S1-2
Added Pin To Net: NetName=DGND Pin=S2-2
Added Pin To Net: NetName=DGND Pin=S3-2
Added Net: Name=DGND
Added Pin To Net: NetName=DIN Pin=D1-30
Added Pin To Net: NetName=DIN Pin=D2-5
Added Net: Name=DIN
Added Pin To Net: NetName=DOUT Pin=D1-28
Added Pin To Net: NetName=DOUT Pin=D2-4
Added Net: Name=DOUT
Added Pin To Net: NetName=HPLOUT Pin=D2-19
Added Pin To Net: NetName=HPLOUT Pin=J2-2
Added Net: Name=HPLOUT
Added Pin To Net: NetName=HPROUT Pin=D2-23
Added Pin To Net: NetName=HPROUT Pin=J2-3
Added Net: Name=HPROUT
Added Pin To Net: NetName=LEFT_LOM Pin=D2-28
Added Net: Name=LEFT_LOM
Added Pin To Net: NetName=LEFT_LOP Pin=D2-27
Added Net: Name=LEFT_LOP
Added Pin To Net: NetName=MCLK Pin=D1-25
Added Pin To Net: NetName=MCLK Pin=D2-1
Added Net: Name=MCLK
Added Pin To Net: NetName=MIC1LM Pin=D2-11
Added Net: Name=MIC1LM
Added Pin To Net: NetName=MIC1LP Pin=D2-10
Added Net: Name=MIC1LP
Added Pin To Net: NetName=NetD1_54 Pin=D1-54
Added Net: Name=NetD1_54
Added Pin To Net: NetName=NetD1_56 Pin=D1-56
Added Net: Name=NetD1_56
Added Pin To Net: NetName=NetD1_74 Pin=D1-74
Added Pin To Net: NetName=NetD1_74 Pin=R3-1
Added Pin To Net: NetName=NetD1_74 Pin=S1-1
Added Net: Name=NetD1_74
Added Pin To Net: NetName=NetD1_75 Pin=D1-75
Added Pin To Net: NetName=NetD1_75 Pin=R2-1
Added Pin To Net: NetName=NetD1_75 Pin=S2-1
Added Net: Name=NetD1_75
Added Pin To Net: NetName=NetD1_76 Pin=D1-76
Added Pin To Net: NetName=NetD1_76 Pin=R1-1
Added Pin To Net: NetName=NetD1_76 Pin=S3-1
Added Net: Name=NetD1_76
Added Pin To Net: NetName=RESET Pin=D1-10
Added Pin To Net: NetName=RESET Pin=D2-31
Added Net: Name=RESET
Added Pin To Net: NetName=RIGHT_LOM Pin=D2-30
Added Net: Name=RIGHT_LOM
Added Pin To Net: NetName=RIGHT_LOP Pin=D2-29
Added Net: Name=RIGHT_LOP
Added Pin To Net: NetName=SCL Pin=D1-19
Added Pin To Net: NetName=SCL Pin=D2-8
Added Net: Name=SCL
Added Pin To Net: NetName=SDA Pin=D1-20
Added Pin To Net: NetName=SDA Pin=D2-9
Added Net: Name=SDA
Added Pin To Net: NetName=WCLK Pin=D1-29
Added Pin To Net: NetName=WCLK Pin=D2-3
Added Net: Name=WCLK
Added Class: Name=audio_cape_sch
Added Room: Name=audio_cape_sch
