Added Component: Designator=BBB1(BBB_Cape)
Added Component: Designator=C1(RAD-0.3)
Added Component: Designator=C2(RAD-0.3)
Added Component: Designator=C3(RAD-0.3)
Added Component: Designator=C4(RAD-0.3)
Added Component: Designator=C5(RAD-0.3)
Added Component: Designator=C6(RAD-0.3)
Added Component: Designator=C7(RAD-0.3)
Added Component: Designator=FB1(6-0805_L)
Added Component: Designator=FB2(6-0805_L)
Added Component: Designator=U1(QUAD32-RHB)
Added Pin To Net: NetName=DGND Pin=BBB1-1
Added Pin To Net: NetName=DGND Pin=BBB1-2
Added Pin To Net: NetName=DGND Pin=BBB1-43
Added Pin To Net: NetName=DGND Pin=BBB1-44
Added Pin To Net: NetName=DGND Pin=BBB1-45
Added Pin To Net: NetName=DGND Pin=BBB1-46
Added Pin To Net: NetName=DGND Pin=BBB1-47
Added Pin To Net: NetName=DGND Pin=BBB1-48
Added Pin To Net: NetName=DGND Pin=C1-1
Added Pin To Net: NetName=1.8V Pin=C1-2
Added Pin To Net: NetName=DGND Pin=C2-1
Added Pin To Net: NetName=1.8V Pin=C2-2
Added Pin To Net: NetName=DGND Pin=C3-1
Added Pin To Net: NetName=3.3V Pin=C3-2
Added Pin To Net: NetName=DGND Pin=C4-1
Added Pin To Net: NetName=3.3V Pin=C4-2
Added Pin To Net: NetName=AGND Pin=C5-1
Added Pin To Net: NetName=AUD_3V3 Pin=C5-2
Added Pin To Net: NetName=AGND Pin=C6-1
Added Pin To Net: NetName=AUD_3V3 Pin=C6-2
Added Pin To Net: NetName=DGND Pin=C7-1
Added Pin To Net: NetName=3.3V Pin=C7-2
Added Pin To Net: NetName=DGND Pin=FB1-1
Added Pin To Net: NetName=AGND Pin=FB1-2
Added Pin To Net: NetName=3.3V Pin=FB2-1
Added Pin To Net: NetName=AUD_3V3 Pin=FB2-2
Added Pin To Net: NetName=3.3V Pin=U1-7
Added Pin To Net: NetName=AUD_3V3 Pin=U1-25
Added Pin To Net: NetName=1.8V Pin=U1-32
Added Member To Class: ClassName=audio_cape_sch Member=Component BBB1 BeagleBone Black
Added Member To Class: ClassName=audio_cape_sch Member=Component C1 Cap
Added Member To Class: ClassName=audio_cape_sch Member=Component C2 Cap
Added Member To Class: ClassName=audio_cape_sch Member=Component C3 Cap
Added Member To Class: ClassName=audio_cape_sch Member=Component C4 Cap
Added Member To Class: ClassName=audio_cape_sch Member=Component C5 Cap
Added Member To Class: ClassName=audio_cape_sch Member=Component C6 Cap
Added Member To Class: ClassName=audio_cape_sch Member=Component C7 Cap
Added Member To Class: ClassName=audio_cape_sch Member=Component FB1 FerriteBead
Added Member To Class: ClassName=audio_cape_sch Member=Component FB2 FerriteBead
Added Member To Class: ClassName=audio_cape_sch Member=Component U1 TLV320AIC3104
Added Room: Name=audio_cape_sch
