Added Parameter Cijena= to Part A1
Added Parameter Cijena= to Part C1
Added Parameter Cijena= to Part C2
Added Parameter Cijena= to Part C3
Added Parameter Cijena= to Part C4
Added Parameter Cijena= to Part C5
Added Parameter Cijena= to Part C6
Added Parameter Cijena= to Part C7
Added Parameter Cijena= to Part C12
Added Parameter Cijena= to Part C13
Added Parameter Cijena= to Part C14
Added Parameter Cijena= to Part C15
Added Parameter Cijena= to Part C16
Added Parameter Cijena= to Part C17
Added Parameter Cijena= to Part C18
Added Parameter Cijena= to Part D1
Added Parameter Cijena= to Part D2
Added Parameter Cijena= to Part H1
Added Parameter Cijena= to Part J2
Added Parameter Cijena= to Part L1
Added Parameter Cijena= to Part L2
Added Parameter Cijena= to Part R1
Added Parameter Cijena= to Part R2
Added Parameter Cijena= to Part R3
Added Parameter Cijena= to Part S1
Added Parameter Cijena= to Part S2
Added Parameter Cijena= to Part S3
Added Parameter Cijena= to Part X1
Added Parameter Cijena= to Part X2
Added Parameter Cijena= to Part X3
Added Parameter Dobavljaè= to Part A1
Added Parameter Dobavljaè= to Part C1
Added Parameter Dobavljaè= to Part C2
Added Parameter Dobavljaè= to Part C3
Added Parameter Dobavljaè= to Part C4
Added Parameter Dobavljaè= to Part C5
Added Parameter Dobavljaè= to Part C6
Added Parameter Dobavljaè= to Part C7
Added Parameter Dobavljaè= to Part C12
Added Parameter Dobavljaè= to Part C13
Added Parameter Dobavljaè= to Part C14
Added Parameter Dobavljaè= to Part C15
Added Parameter Dobavljaè= to Part C16
Added Parameter Dobavljaè= to Part C17
Added Parameter Dobavljaè= to Part C18
Added Parameter Dobavljaè= to Part D1
Added Parameter Dobavljaè= to Part D2
Added Parameter Dobavljaè= to Part H1
Added Parameter Dobavljaè= to Part J2
Added Parameter Dobavljaè= to Part L1
Added Parameter Dobavljaè= to Part L2
Added Parameter Dobavljaè= to Part R1
Added Parameter Dobavljaè= to Part R2
Added Parameter Dobavljaè= to Part R3
Added Parameter Dobavljaè= to Part S1
Added Parameter Dobavljaè= to Part S2
Added Parameter Dobavljaè= to Part S3
Added Parameter Dobavljaè= to Part X1
Added Parameter Dobavljaè= to Part X2
Added Parameter Dobavljaè= to Part X3
Added Parameter Kataloški broj= to Part A1
Added Parameter Kataloški broj= to Part C1
Added Parameter Kataloški broj= to Part C2
Added Parameter Kataloški broj= to Part C3
Added Parameter Kataloški broj= to Part C4
Added Parameter Kataloški broj= to Part C5
Added Parameter Kataloški broj= to Part C6
Added Parameter Kataloški broj= to Part C7
Added Parameter Kataloški broj= to Part C12
Added Parameter Kataloški broj= to Part C13
Added Parameter Kataloški broj= to Part C14
Added Parameter Kataloški broj= to Part C15
Added Parameter Kataloški broj= to Part C16
Added Parameter Kataloški broj= to Part C17
Added Parameter Kataloški broj= to Part C18
Added Parameter Kataloški broj= to Part D1
Added Parameter Kataloški broj= to Part D2
Added Parameter Kataloški broj= to Part H1
Added Parameter Kataloški broj= to Part J2
Added Parameter Kataloški broj= to Part L1
Added Parameter Kataloški broj= to Part L2
Added Parameter Kataloški broj= to Part R1
Added Parameter Kataloški broj= to Part R2
Added Parameter Kataloški broj= to Part R3
Added Parameter Kataloški broj= to Part S1
Added Parameter Kataloški broj= to Part S2
Added Parameter Kataloški broj= to Part S3
Added Parameter Kataloški broj= to Part X1
Added Parameter Kataloški broj= to Part X2
Added Parameter Kataloški broj= to Part X3
