Removed Parameter LatestRevisionDate:17-Jul-2002 from Part C2
Removed Parameter LatestRevisionDate:17-Jul-2002 from Part C5
Removed Parameter LatestRevisionDate:17-Jul-2002 from Part C6
Removed Parameter LatestRevisionDate:17-Jul-2002 from Part C7
Removed Parameter LatestRevisionDate:17-Jul-2002 from Part C12
Removed Parameter LatestRevisionDate:17-Jul-2002 from Part C13
Removed Parameter LatestRevisionDate:17-Jul-2002 from Part C14
Removed Parameter LatestRevisionDate:17-Jul-2002 from Part C17
Removed Parameter LatestRevisionDate:17-Jul-2002 from Part C18
Removed Parameter LatestRevisionDate:17-Jul-2002 from Part S1
Removed Parameter LatestRevisionDate:17-Jul-2002 from Part S2
Removed Parameter LatestRevisionDate:17-Jul-2002 from Part S3
Removed Parameter LatestRevisionNote:Re-released for DXP Platform. from Part C2
Removed Parameter LatestRevisionNote:Re-released for DXP Platform. from Part C5
Removed Parameter LatestRevisionNote:Re-released for DXP Platform. from Part C6
Removed Parameter LatestRevisionNote:Re-released for DXP Platform. from Part C7
Removed Parameter LatestRevisionNote:Re-released for DXP Platform. from Part C12
Removed Parameter LatestRevisionNote:Re-released for DXP Platform. from Part C13
Removed Parameter LatestRevisionNote:Re-released for DXP Platform. from Part C14
Removed Parameter LatestRevisionNote:Re-released for DXP Platform. from Part C17
Removed Parameter LatestRevisionNote:Re-released for DXP Platform. from Part C18
Removed Parameter LatestRevisionNote:Re-released for DXP Platform. from Part S1
Removed Parameter LatestRevisionNote:Re-released for DXP Platform. from Part S2
Removed Parameter LatestRevisionNote:Re-released for DXP Platform. from Part S3
Removed Parameter PackageDescription:Radial Cap, Thru-Hole; 2 Leads; 0.3 in Pin Spacing from Part C2
Removed Parameter PackageDescription:Radial Cap, Thru-Hole; 2 Leads; 0.3 in Pin Spacing from Part C5
Removed Parameter PackageDescription:Radial Cap, Thru-Hole; 2 Leads; 0.3 in Pin Spacing from Part C6
Removed Parameter PackageDescription:Radial Cap, Thru-Hole; 2 Leads; 0.3 in Pin Spacing from Part C7
Removed Parameter PackageDescription:Radial Cap, Thru-Hole; 2 Leads; 0.3 in Pin Spacing from Part C12
Removed Parameter PackageDescription:Radial Cap, Thru-Hole; 2 Leads; 0.3 in Pin Spacing from Part C13
Removed Parameter PackageDescription:Radial Cap, Thru-Hole; 2 Leads; 0.3 in Pin Spacing from Part C14
Removed Parameter PackageDescription:Radial Cap, Thru-Hole; 2 Leads; 0.3 in Pin Spacing from Part C17
Removed Parameter PackageDescription:Radial Cap, Thru-Hole; 2 Leads; 0.3 in Pin Spacing from Part C18
Removed Parameter PackageDescription:Switch; 2 Leads from Part S1
Removed Parameter PackageDescription:Switch; 2 Leads from Part S2
Removed Parameter PackageDescription:Switch; 2 Leads from Part S3
Removed Parameter PackageReference:RAD-0.3 from Part C2
Removed Parameter PackageReference:RAD-0.3 from Part C5
Removed Parameter PackageReference:RAD-0.3 from Part C6
Removed Parameter PackageReference:RAD-0.3 from Part C7
Removed Parameter PackageReference:RAD-0.3 from Part C12
Removed Parameter PackageReference:RAD-0.3 from Part C13
Removed Parameter PackageReference:RAD-0.3 from Part C14
Removed Parameter PackageReference:RAD-0.3 from Part C17
Removed Parameter PackageReference:RAD-0.3 from Part C18
Removed Parameter PackageReference:SPST-2 from Part S1
Removed Parameter PackageReference:SPST-2 from Part S2
Removed Parameter PackageReference:SPST-2 from Part S3
Removed Parameter Published:8-Jun-2000 from Part C2
Removed Parameter Published:8-Jun-2000 from Part C5
Removed Parameter Published:8-Jun-2000 from Part C6
Removed Parameter Published:8-Jun-2000 from Part C7
Removed Parameter Published:8-Jun-2000 from Part C12
Removed Parameter Published:8-Jun-2000 from Part C13
Removed Parameter Published:8-Jun-2000 from Part C14
Removed Parameter Published:8-Jun-2000 from Part C17
Removed Parameter Published:8-Jun-2000 from Part C18
Removed Parameter Published:24-Mar-1999 from Part S1
Removed Parameter Published:24-Mar-1999 from Part S2
Removed Parameter Published:24-Mar-1999 from Part S3
Removed Parameter Publisher:Altium Limited from Part C2
Removed Parameter Publisher:Altium Limited from Part C5
Removed Parameter Publisher:Altium Limited from Part C6
Removed Parameter Publisher:Altium Limited from Part C7
Removed Parameter Publisher:Altium Limited from Part C12
Removed Parameter Publisher:Altium Limited from Part C13
Removed Parameter Publisher:Altium Limited from Part C14
Removed Parameter Publisher:Altium Limited from Part C17
Removed Parameter Publisher:Altium Limited from Part C18
Removed Parameter Publisher:Altium Limited from Part S1
Removed Parameter Publisher:Altium Limited from Part S2
Removed Parameter Publisher:Altium Limited from Part S3
