Added Component: Designator=D2(QUAD32-RHB)
Added Pin To Net: NetName=DGND Pin=D1-1
Added Pin To Net: NetName=DGND Pin=D1-2
Added Pin To Net: NetName=3.3V Pin=D1-3
Added Pin To Net: NetName=RESET Pin=D1-10
Added Pin To Net: NetName=SCL Pin=D1-19
Added Pin To Net: NetName=SDA Pin=D1-20
Added Pin To Net: NetName=MCLK Pin=D1-25
Added Pin To Net: NetName=DOUT Pin=D1-28
Added Pin To Net: NetName=WCLK Pin=D1-29
Added Pin To Net: NetName=DIN Pin=D1-30
Added Pin To Net: NetName=BCLK Pin=D1-31
Added Pin To Net: NetName=DGND Pin=D1-43
Added Pin To Net: NetName=DGND Pin=D1-44
Added Pin To Net: NetName=DGND Pin=D1-45
Added Pin To Net: NetName=DGND Pin=D1-46
Added Pin To Net: NetName=DGND Pin=D1-47
Added Pin To Net: NetName=DGND Pin=D1-48
Added Pin To Net: NetName=MCLK Pin=D2-1
Added Pin To Net: NetName=BCLK Pin=D2-2
Added Pin To Net: NetName=WCLK Pin=D2-3
Added Pin To Net: NetName=DOUT Pin=D2-4
Added Pin To Net: NetName=DIN Pin=D2-5
Added Pin To Net: NetName=DGND Pin=D2-6
Added Pin To Net: NetName=3.3V Pin=D2-7
Added Pin To Net: NetName=SCL Pin=D2-8
Added Pin To Net: NetName=SDA Pin=D2-9
Added Pin To Net: NetName=DGND Pin=D2-12
Added Pin To Net: NetName=DGND Pin=D2-13
Added Pin To Net: NetName=DGND Pin=D2-14
Added Pin To Net: NetName=DGND Pin=D2-16
Added Pin To Net: NetName=AGND Pin=D2-17
Added Pin To Net: NetName=3.3V Pin=D2-18
Added Pin To Net: NetName=DGND Pin=D2-21
Added Pin To Net: NetName=3.3V Pin=D2-24
Added Pin To Net: NetName=AUD_3V3 Pin=D2-25
Added Pin To Net: NetName=AGND Pin=D2-26
Added Pin To Net: NetName=RESET Pin=D2-31
Added Pin To Net: NetName=1.8V Pin=D2-32
Added Pin To Net: NetName=DGND Pin=D2-33
